<?xml version="1.0" encoding="UTF-8"?>
<testsuite name="ToDosTest" tests="1" skipped="0" failures="0" errors="0" timestamp="2019-09-09T08:42:50" hostname="Chens-MacBook-Pro-2.local" time="0.024">
  <properties/>
  <testcase name="ToDosTestFormatstringOutput()" classname="ToDosTest" time="0.024"/>
  <system-out><![CDATA[]]></system-out>
  <system-err><![CDATA[]]></system-err>
</testsuite>
