<?xml version="1.0" encoding="UTF-8"?>
<testsuite name="EventsTest" tests="1" skipped="0" failures="0" errors="0" timestamp="2019-09-09T15:30:26" hostname="Chens-MacBook-Pro-2.local" time="0.017">
  <properties/>
  <testcase name="EventTestOutput()" classname="EventsTest" time="0.017"/>
  <system-out><![CDATA[]]></system-out>
  <system-err><![CDATA[]]></system-err>
</testsuite>
